<?xml version="1.0" encoding="UTF-8"?>
<testsuite xmlns:xsi="http://www.w3.org/2001/XMLSchema-instance" xsi:noNamespaceSchemaLocation="https://maven.apache.org/surefire/maven-surefire-plugin/xsd/surefire-test-report.xsd" version="3.0.1" name="hn.uth_202310060909.PAVII_Tarea1_CalculoAreas.AppTest" time="0.063" tests="12" errors="0" skipped="0" failures="0">
  <properties>
    <property name="java.specification.version" value="17"/>
    <property name="sun.cpu.isalist" value="amd64"/>
    <property name="sun.jnu.encoding" value="Cp1252"/>
    <property name="java.class.path" value="D:\Documentos\Eclipse\PAVII-Tarea1-CalculoAreas\target\test-classes;D:\Documentos\Eclipse\PAVII-Tarea1-CalculoAreas\target\classes;C:\Users\josef\.m2\repository\junit\junit\4.13.2\junit-4.13.2.jar;C:\Users\josef\.m2\repository\org\hamcrest\hamcrest-core\1.3\hamcrest-core-1.3.jar;"/>
    <property name="java.vm.vendor" value="Oracle Corporation"/>
    <property name="sun.arch.data.model" value="64"/>
    <property name="user.variant" value=""/>
    <property name="java.vendor.url" value="https://java.oracle.com/"/>
    <property name="user.timezone" value="America/Tegucigalpa"/>
    <property name="os.name" value="Windows 10"/>
    <property name="java.vm.specification.version" value="17"/>
    <property name="sun.java.launcher" value="SUN_STANDARD"/>
    <property name="user.country" value="HN"/>
    <property name="sun.boot.library.path" value="C:\Program Files\Java\jdk-17\bin"/>
    <property name="sun.java.command" value="C:\Users\josef\AppData\Local\Temp\surefire14480061486626275272\surefirebooter-20241024190953094_3.jar C:\Users\josef\AppData\Local\Temp\surefire14480061486626275272 2024-10-24T19-09-52_949-jvmRun1 surefire-20241024190953094_1tmp surefire_0-20241024190953094_2tmp"/>
    <property name="jdk.debug" value="release"/>
    <property name="surefire.test.class.path" value="D:\Documentos\Eclipse\PAVII-Tarea1-CalculoAreas\target\test-classes;D:\Documentos\Eclipse\PAVII-Tarea1-CalculoAreas\target\classes;C:\Users\josef\.m2\repository\junit\junit\4.13.2\junit-4.13.2.jar;C:\Users\josef\.m2\repository\org\hamcrest\hamcrest-core\1.3\hamcrest-core-1.3.jar;"/>
    <property name="sun.cpu.endian" value="little"/>
    <property name="user.home" value="C:\Users\josef"/>
    <property name="user.language" value="es"/>
    <property name="java.specification.vendor" value="Oracle Corporation"/>
    <property name="java.version.date" value="2024-04-16"/>
    <property name="java.home" value="C:\Program Files\Java\jdk-17"/>
    <property name="file.separator" value="\"/>
    <property name="style.color" value="always"/>
    <property name="basedir" value="D:\Documentos\Eclipse\PAVII-Tarea1-CalculoAreas"/>
    <property name="java.vm.compressedOopsMode" value="Zero based"/>
    <property name="line.separator" value="&#10;"/>
    <property name="java.vm.specification.vendor" value="Oracle Corporation"/>
    <property name="java.specification.name" value="Java Platform API Specification"/>
    <property name="surefire.real.class.path" value="C:\Users\josef\AppData\Local\Temp\surefire14480061486626275272\surefirebooter-20241024190953094_3.jar"/>
    <property name="user.script" value=""/>
    <property name="sun.management.compiler" value="HotSpot 64-Bit Tiered Compilers"/>
    <property name="java.runtime.version" value="17.0.11+7-LTS-207"/>
    <property name="user.name" value="josef"/>
    <property name="path.separator" value=";"/>
    <property name="os.version" value="10.0"/>
    <property name="java.runtime.name" value="Java(TM) SE Runtime Environment"/>
    <property name="file.encoding" value="Cp1252"/>
    <property name="java.vm.name" value="Java HotSpot(TM) 64-Bit Server VM"/>
    <property name="localRepository" value="C:\Users\josef\.m2\repository"/>
    <property name="java.vendor.url.bug" value="https://bugreport.java.com/bugreport/"/>
    <property name="java.io.tmpdir" value="C:\Users\josef\AppData\Local\Temp\"/>
    <property name="java.version" value="17.0.11"/>
    <property name="user.dir" value="D:\Documentos\Eclipse\PAVII-Tarea1-CalculoAreas"/>
    <property name="os.arch" value="amd64"/>
    <property name="java.vm.specification.name" value="Java Virtual Machine Specification"/>
    <property name="sun.os.patch.level" value=""/>
    <property name="native.encoding" value="Cp1252"/>
    <property name="java.library.path" value="C:\Program Files\Java\jdk-17\bin;C:\Windows\Sun\Java\bin;C:\Windows\system32;C:\Windows;C:/Program Files/Java/jdk-17/bin/server;C:/Program Files/Java/jdk-17/bin;C:\Program Files\Java\jdk-17\bin;C:\Maven\apache-maven-3.9.9\bin;C:\Program Files\Common Files\Oracle\Java\javapath;C:\Windows\system32;C:\Windows;C:\Windows\System32\Wbem;C:\Windows\System32\WindowsPowerShell\v1.0\;C:\Windows\System32\OpenSSH\;C:\Program Files\dotnet\;C:\Program Files\Intel\WiFi\bin\;C:\Program Files\Common Files\Intel\WirelessCommon\;C:\Program Files (x86)\Intel\Intel(R) Management Engine Components\DAL;C:\Program Files\Intel\Intel(R) Management Engine Components\DAL;C:\Program Files\Microsoft SQL Server\Client SDK\ODBC\130\Tools\Binn\;C:\Program Files (x86)\Microsoft SQL Server\140\Tools\Binn\;C:\Program Files\Microsoft SQL Server\140\Tools\Binn\;C:\Program Files\Microsoft SQL Server\140\DTS\Binn\;C:\Program Files (x86)\Microsoft SQL Server\150\DTS\Binn\;C:\Program Files (x86)\Microsoft SQL Server\160\DTS\Binn\;C:\Users\josef\AppData\Local\Microsoft\WindowsApps;C:\Users\josef\AppData\Local\GitHubDesktop\bin;C:\Windows\System32;;."/>
    <property name="java.vm.info" value="mixed mode, sharing"/>
    <property name="java.vendor" value="Oracle Corporation"/>
    <property name="java.vm.version" value="17.0.11+7-LTS-207"/>
    <property name="sun.io.unicode.encoding" value="UnicodeLittle"/>
    <property name="java.class.version" value="61.0"/>
  </properties>
  <testcase name="Prueba1CalculoAreaRectangulo" classname="hn.uth_202310060909.PAVII_Tarea1_CalculoAreas.AppTest" time="0.001">
    <system-out><![CDATA[Se acaba de ejecutar el metodo setup class
]]></system-out>
  </testcase>
  <testcase name="Prueba1CalculoAreaTriangulo" classname="hn.uth_202310060909.PAVII_Tarea1_CalculoAreas.AppTest" time="0.001"/>
  <testcase name="Prueba3CalculoAreaRectangulo" classname="hn.uth_202310060909.PAVII_Tarea1_CalculoAreas.AppTest" time="0.0"/>
  <testcase name="Prueba2CalculoAreaTriangulo" classname="hn.uth_202310060909.PAVII_Tarea1_CalculoAreas.AppTest" time="0.0"/>
  <testcase name="Prueba1CalculoAreaCirculo" classname="hn.uth_202310060909.PAVII_Tarea1_CalculoAreas.AppTest" time="0.0"/>
  <testcase name="Prueba2CalculoAreaCuadrado" classname="hn.uth_202310060909.PAVII_Tarea1_CalculoAreas.AppTest" time="0.0"/>
  <testcase name="Prueba3CalculoAreaTriangulo" classname="hn.uth_202310060909.PAVII_Tarea1_CalculoAreas.AppTest" time="0.0"/>
  <testcase name="Prueba1CalculoAreaCuadrado" classname="hn.uth_202310060909.PAVII_Tarea1_CalculoAreas.AppTest" time="0.0"/>
  <testcase name="Prueba2CalculoAreaRectangulo" classname="hn.uth_202310060909.PAVII_Tarea1_CalculoAreas.AppTest" time="0.0"/>
  <testcase name="Prueba3CalculoAreaCirculo" classname="hn.uth_202310060909.PAVII_Tarea1_CalculoAreas.AppTest" time="0.0"/>
  <testcase name="Prueba2CalculoAreaCirculo" classname="hn.uth_202310060909.PAVII_Tarea1_CalculoAreas.AppTest" time="0.0"/>
  <testcase name="Prueba3CalculoAreaCuadrado" classname="hn.uth_202310060909.PAVII_Tarea1_CalculoAreas.AppTest" time="0.0"/>
</testsuite>